<?xml version="1.0" encoding="UTF-8"?>
<!-- Generated by org.testng.reporters.JUnitReportReporter -->
<testsuite hostname="IVOLZHEV" name="com.example.tests.ContactCreationTest" tests="1" failures="0" timestamp="31 Aug 2015 08:46:59 GMT" time="2.038" errors="0">
  <testcase name="contactNonEmptyCreationTest" time="2.038" classname="com.example.tests.ContactCreationTest"/>
</testsuite> <!-- com.example.tests.ContactCreationTest -->
