<?xml version="1.0" encoding="UTF-8"?>
<!-- Generated by org.testng.reporters.JUnitReportReporter -->
<testsuite hostname="IVOLZHEV" name="com.example.tests.AlsoGroupCreationTest" tests="2" failures="0" timestamp="31 Aug 2015 08:46:59 GMT" time="2.813" errors="0">
  <testcase name="groupNonEmptyCreationTest" time="1.434" classname="com.example.tests.AlsoGroupCreationTest"/>
  <testcase name="groupEmptyCreationTest" time="1.379" classname="com.example.tests.AlsoGroupCreationTest"/>
</testsuite> <!-- com.example.tests.AlsoGroupCreationTest -->
