<?xml version="1.0" encoding="UTF-8"?>
<!-- Generated by org.testng.reporters.JUnitReportReporter -->
<testsuite hostname="IVOLZHEV" name="com.example.tests.GroupCreationTest" tests="2" failures="0" timestamp="31 Aug 2015 09:01:54 GMT" time="1.871" errors="0">
  <testcase name="groupEmptyCreationTest" time="0.853" classname="com.example.tests.GroupCreationTest"/>
  <testcase name="groupNonEmptyCreationTest" time="1.018" classname="com.example.tests.GroupCreationTest"/>
</testsuite> <!-- com.example.tests.GroupCreationTest -->
