<?xml version="1.0" encoding="UTF-8"?>
<!-- Generated by org.testng.reporters.JUnitReportReporter -->
<testsuite hostname="IVOLZHEV" name="com.example.tests.GroupCreationTest" tests="2" failures="0" timestamp="31 Aug 2015 08:46:59 GMT" time="3.128" errors="0">
  <testcase name="groupEmptyCreationTest" time="1.610" classname="com.example.tests.GroupCreationTest"/>
  <testcase name="groupNonEmptyCreationTest" time="1.518" classname="com.example.tests.GroupCreationTest"/>
</testsuite> <!-- com.example.tests.GroupCreationTest -->
