<?xml version="1.0" encoding="UTF-8"?>
<!-- Generated by org.testng.reporters.JUnitReportReporter -->
<testsuite hostname="IVOLZHEV" name="com.example.tests.ContactCreationTest" tests="1" failures="0" timestamp="31 Aug 2015 09:01:54 GMT" time="1.878" errors="0">
  <testcase name="contactNonEmptyCreationTest" time="1.878" classname="com.example.tests.ContactCreationTest"/>
</testsuite> <!-- com.example.tests.ContactCreationTest -->
